33459 silly gunzTarPerm extractEntry node_modules/node-pre-gyp/node_modules/tar-pack/node_modules/tar/node_modules/block-stream/package.json
33460 silly gunzTarPerm extractEntry node_modules/node-pre-gyp/node_modules/tar-pack/node_modules/tar/node_modules/block-stream/README.md
33461 silly gunzTarPerm extractEntry node_modules/node-pre-gyp/node_modules/tar-pack/node_modules/tar/node_modules/block-stream/LICENCE
33462 silly gunzTarPerm extractEntry node_modules/node-pre-gyp/node_modules/tar-pack/node_modules/tar/node_modules/block-stream/LICENSE
33463 silly gunzTarPerm extractEntry lib/public/icons/page_excel.png
33464 silly gunzTarPerm extractEntry lib/public/icons/page_find.png
33465 silly gunzTarPerm extractEntry node_modules/node-pre-gyp/node_modules/tar-pack/node_modules/tar/node_modules/block-stream/block-stream.js
33466 silly gunzTarPerm extractEntry node_modules/node-pre-gyp/node_modules/tar-pack/node_modules/tar/node_modules/block-stream/bench/block-stream-pause.js
33467 silly gunzTarPerm extractEntry lib/public/icons/page_gear.png
33468 silly gunzTarPerm extractEntry lib/public/icons/page_go.png
33469 silly gunzTarPerm extractEntry lib/public/icons/page_green.png
33470 silly gunzTarPerm extractEntry lib/public/icons/page_key.png
33471 silly gunzTarPerm extractEntry lib/public/icons/page_lightning.png
33472 silly gunzTarPerm extractEntry lib/public/icons/page_link.png
33473 silly gunzTarPerm extractEntry node_modules/node-pre-gyp/node_modules/tar-pack/node_modules/tar/node_modules/block-stream/bench/block-stream.js
33474 silly gunzTarPerm extractEntry node_modules/node-pre-gyp/node_modules/tar-pack/node_modules/tar/node_modules/block-stream/bench/dropper-pause.js
33475 silly gunzTarPerm extractEntry node_modules/node-pre-gyp/node_modules/tar-pack/node_modules/tar/node_modules/block-stream/bench/dropper.js
33476 silly gunzTarPerm extractEntry node_modules/node-pre-gyp/node_modules/tar-pack/node_modules/tar/node_modules/block-stream/test/basic.js
33477 silly gunzTarPerm extractEntry node_modules/node-pre-gyp/node_modules/tar-pack/node_modules/tar/node_modules/block-stream/test/nopad-thorough.js
33478 silly gunzTarPerm extractEntry node_modules/node-pre-gyp/node_modules/tar-pack/node_modules/tar/node_modules/block-stream/test/nopad.js
33479 silly gunzTarPerm extractEntry node_modules/node-pre-gyp/node_modules/tar-pack/node_modules/tar/node_modules/block-stream/test/pause-resume.js
33480 silly gunzTarPerm extractEntry node_modules/node-pre-gyp/node_modules/tar-pack/node_modules/tar/node_modules/block-stream/test/thorough.js
33481 silly gunzTarPerm extractEntry node_modules/node-pre-gyp/node_modules/tar-pack/node_modules/tar/node_modules/block-stream/test/two-stream.js
33482 silly gunzTarPerm extractEntry node_modules/node-pre-gyp/node_modules/tar-pack/node_modules/tar/node_modules/inherits/package.json
33483 silly gunzTarPerm extractEntry node_modules/node-pre-gyp/node_modules/tar-pack/node_modules/tar/node_modules/inherits/README.md
33484 silly gunzTarPerm extractEntry node_modules/node-pre-gyp/node_modules/tar-pack/node_modules/tar/node_modules/inherits/LICENSE
33485 silly gunzTarPerm extractEntry node_modules/node-pre-gyp/node_modules/tar-pack/node_modules/tar/node_modules/inherits/inherits.js
33486 silly gunzTarPerm extractEntry node_modules/node-pre-gyp/node_modules/tar-pack/node_modules/tar/node_modules/inherits/inherits_browser.js
33487 silly gunzTarPerm extractEntry node_modules/node-pre-gyp/node_modules/tar-pack/node_modules/tar/node_modules/inherits/test.js
33488 silly gunzTarPerm extractEntry node_modules/node-pre-gyp/node_modules/tar-pack/node_modules/uid-number/package.json
33489 silly gunzTarPerm extractEntry node_modules/node-pre-gyp/node_modules/tar-pack/node_modules/uid-number/README.md
33490 silly gunzTarPerm extractEntry node_modules/node-pre-gyp/node_modules/tar-pack/node_modules/uid-number/LICENCE
33491 silly gunzTarPerm extractEntry node_modules/node-pre-gyp/node_modules/tar-pack/node_modules/uid-number/get-uid-gid.js
33492 silly gunzTarPerm extractEntry node_modules/node-pre-gyp/node_modules/tar-pack/node_modules/uid-number/uid-number.js
33493 silly gunzTarPerm extractEntry lib/public/icons/page_paintbrush.png
33494 silly gunzTarPerm extractEntry lib/public/icons/page_paste.png
33495 silly gunzTarPerm extractEntry lib/public/icons/page_red.png
33496 silly gunzTarPerm extractEntry lib/public/icons/page_refresh.png
33497 silly gunzTarPerm extractEntry lib/public/icons/page_save.png
33498 silly gunzTarPerm extractEntry lib/public/icons/page_white.png
33499 silly gunzTarPerm extractEntry lib/public/icons/page_white_acrobat.png
33500 silly gunzTarPerm extractEntry lib/public/icons/page_white_actionscript.png
33501 silly gunzTarPerm extractEntry lib/public/icons/page_white_add.png
33502 silly gunzTarPerm extractEntry lib/public/icons/page_white_c.png
33503 silly gunzTarPerm extractEntry lib/public/icons/page_white_camera.png
33504 silly gunzTarPerm extractEntry lib/public/icons/page_white_cd.png
33505 silly gunzTarPerm extractEntry lib/public/icons/page_white_code.png
33506 silly gunzTarPerm extractEntry lib/public/icons/page_white_code_red.png
33507 silly gunzTarPerm extractEntry lib/public/icons/page_white_coldfusion.png
33508 silly gunzTarPerm extractEntry lib/public/icons/page_white_compressed.png
33509 silly gunzTarPerm extractEntry lib/public/icons/page_white_copy.png
33510 silly gunzTarPerm extractEntry lib/public/icons/page_white_cplusplus.png
33511 silly gunzTarPerm extractEntry lib/public/icons/page_white_csharp.png
33512 silly gunzTarPerm extractEntry lib/public/icons/page_white_cup.png
33513 silly gunzTarPerm extractEntry lib/public/icons/page_white_database.png
33514 silly gunzTarPerm extractEntry lib/public/icons/page_white_delete.png
33515 silly gunzTarPerm extractEntry lib/public/icons/page_white_dvd.png
33516 silly gunzTarPerm extractEntry lib/public/icons/page_add.png
33517 silly gunzTarPerm extractEntry lib/public/icons/page_white_error.png
33518 silly gunzTarPerm extractEntry lib/public/icons/page_white_excel.png
33519 silly gunzTarPerm extractEntry lib/public/icons/page_white_find.png
33520 silly gunzTarPerm extractEntry lib/public/icons/page_white_flash.png
33521 silly gunzTarPerm extractEntry lib/public/icons/page_white_freehand.png
33522 silly gunzTarPerm extractEntry lib/public/icons/page_white_gear.png
33523 silly gunzTarPerm extractEntry lib/public/icons/page_white_get.png
33524 silly gunzTarPerm extractEntry lib/public/icons/page_white_go.png
33525 silly gunzTarPerm extractEntry lib/public/icons/page_white_h.png
33526 silly gunzTarPerm extractEntry lib/public/icons/page_white_horizontal.png
33527 silly gunzTarPerm extractEntry lib/public/icons/page_white_key.png
33528 silly gunzTarPerm extractEntry lib/public/icons/page_white_lightning.png
33529 silly gunzTarPerm extractEntry lib/public/icons/page_white_link.png
33530 silly gunzTarPerm extractEntry lib/public/icons/page_white_magnify.png
33531 silly gunzTarPerm extractEntry lib/public/icons/page_white_medal.png
33532 silly gunzTarPerm extractEntry lib/public/icons/page_white_office.png
33533 silly gunzTarPerm extractEntry lib/public/icons/page_white_paint.png
33534 silly gunzTarPerm extractEntry lib/public/icons/page_white_paintbrush.png
33535 silly gunzTarPerm extractEntry lib/public/icons/page_white_paste.png
33536 silly gunzTarPerm extractEntry lib/public/icons/page_white_php.png
33537 silly gunzTarPerm extractEntry lib/public/icons/page_white_picture.png
33538 silly gunzTarPerm extractEntry lib/public/icons/page_white_powerpoint.png
33539 silly gunzTarPerm extractEntry lib/public/icons/page_white_put.png
33540 silly gunzTarPerm extractEntry lib/public/icons/page_white_ruby.png
33541 silly gunzTarPerm extractEntry lib/public/icons/page_white_stack.png
33542 silly gunzTarPerm extractEntry lib/public/icons/page_white_star.png
33543 silly gunzTarPerm extractEntry lib/public/icons/page_white_swoosh.png
33544 silly gunzTarPerm extractEntry lib/public/icons/page_white_text.png
33545 silly gunzTarPerm extractEntry lib/public/icons/page_white_text_width.png
33546 silly gunzTarPerm extractEntry lib/public/icons/page_white_tux.png
33547 silly gunzTarPerm extractEntry lib/public/icons/page_white_vector.png
33548 silly gunzTarPerm extractEntry lib/public/icons/page_white_visualstudio.png
33549 silly gunzTarPerm extractEntry lib/public/icons/page_white_width.png
33550 silly gunzTarPerm extractEntry lib/public/icons/page_white_word.png
33551 silly gunzTarPerm extractEntry lib/public/icons/page_white_world.png
33552 silly gunzTarPerm extractEntry lib/public/icons/page_white_wrench.png
33553 silly gunzTarPerm extractEntry lib/public/icons/page_white_zip.png
33554 silly gunzTarPerm extractEntry lib/public/icons/page_word.png
33555 silly gunzTarPerm extractEntry lib/public/icons/page_world.png
33556 error Error: ENOENT, lstat '/media/jnk-data02/jenkins/workspace/covisint/cui-project/cui-icons/node_modules/grunt-svg-merge/node_modules/svg-merge/node_modules/libxmljs-easy/node_modules/libxmljs/vendor/libxml/elfgcchack.h'
33557 error If you need help, you may report this log at:
33557 error     <http://github.com/isaacs/npm/issues>
33557 error or email it to:
33557 error     <npm-@googlegroups.com>
33558 error System Linux 3.2.0-84-generic
33559 error command "/usr/local/bin/node" "/usr/local/bin/npm" "install"
33560 error cwd /media/jnk-data02/jenkins/workspace/covisint/cui-project/cui-icons
33561 error node -v v0.10.17
33562 error npm -v 1.3.8
33563 error path /media/jnk-data02/jenkins/workspace/covisint/cui-project/cui-icons/node_modules/grunt-svg-merge/node_modules/svg-merge/node_modules/libxmljs-easy/node_modules/libxmljs/vendor/libxml/elfgcchack.h
33564 error fstream_path /media/jnk-data02/jenkins/workspace/covisint/cui-project/cui-icons/node_modules/grunt-svg-merge/node_modules/svg-merge/node_modules/libxmljs-easy/node_modules/libxmljs/vendor/libxml/elfgcchack.h
33565 error fstream_type File
33566 error fstream_class FileWriter
33567 error code ENOENT
33568 error errno 34
33569 error fstream_stack /usr/local/lib/node_modules/npm/node_modules/fstream/lib/writer.js:284:26
33569 error fstream_stack Object.oncomplete (fs.js:107:15)
33570 verbose exit [ 34, true ]
